{"level":"info","message":"Server running on port 3000","timestamp":"2024-10-24T18:44:08.081Z"}
{"level":"info","message":"MongoDB Connected","timestamp":"2024-10-24T18:44:09.069Z"}
{"level":"info","message":"Server running on port 3000","timestamp":"2024-10-24T18:44:52.616Z"}
{"level":"info","message":"MongoDB Connected","timestamp":"2024-10-24T18:44:53.322Z"}
{"level":"info","message":"Server running on port 3000","timestamp":"2024-10-24T19:09:33.358Z"}
{"level":"info","message":"MongoDB Connected","timestamp":"2024-10-24T19:09:34.383Z"}
{"level":"info","message":"Server running on port 3000","timestamp":"2024-10-24T19:46:35.238Z"}
{"level":"info","message":"MongoDB Connected","timestamp":"2024-10-24T19:46:36.145Z"}
{"level":"info","message":"Server running on port 3000","timestamp":"2024-11-09T20:34:27.132Z"}
{"level":"info","message":"MongoDB Connected","timestamp":"2024-11-09T20:34:27.995Z"}
{"level":"info","message":"Server running on port 3000","timestamp":"2024-11-09T20:57:02.245Z"}
{"level":"info","message":"MongoDB Connected","timestamp":"2024-11-09T20:57:03.112Z"}
{"level":"info","message":"Server running on port 3000","timestamp":"2024-11-09T20:58:07.374Z"}
{"level":"info","message":"MongoDB Connected","timestamp":"2024-11-09T20:58:08.130Z"}
{"level":"info","message":"Server running on port 3000","timestamp":"2024-11-09T20:59:13.040Z"}
{"level":"info","message":"MongoDB Connected","timestamp":"2024-11-09T20:59:13.937Z"}
{"level":"info","message":"Server running on port 3000","timestamp":"2024-11-09T21:05:06.937Z"}
{"level":"info","message":"MongoDB Connected","timestamp":"2024-11-09T21:05:07.787Z"}
{"level":"info","message":"Server running on port 3000","timestamp":"2024-11-09T21:09:34.757Z"}
{"level":"info","message":"MongoDB Connected","timestamp":"2024-11-09T21:09:35.654Z"}
{"level":"info","message":"Server running on port 3000","timestamp":"2024-11-09T21:16:44.010Z"}
{"level":"info","message":"MongoDB Connected","timestamp":"2024-11-09T21:16:44.913Z"}
{"level":"info","message":"Server running on port 3000","timestamp":"2024-11-09T21:16:57.727Z"}
{"level":"info","message":"MongoDB Connected","timestamp":"2024-11-09T21:16:58.444Z"}
{"level":"info","message":"Server running on port 3000","timestamp":"2024-11-09T21:20:28.143Z"}
{"level":"info","message":"MongoDB Connected","timestamp":"2024-11-09T21:20:28.978Z"}
{"level":"info","message":"Server running on port 3000","timestamp":"2024-11-09T21:21:15.688Z"}
{"level":"info","message":"MongoDB Connected","timestamp":"2024-11-09T21:21:16.403Z"}
{"level":"info","message":"Server running on port 3000","timestamp":"2024-11-09T21:22:23.958Z"}
{"level":"info","message":"MongoDB Connected","timestamp":"2024-11-09T21:22:24.765Z"}
{"level":"info","message":"Server running on port 3000","timestamp":"2024-11-09T21:34:52.054Z"}
{"level":"info","message":"MongoDB Connected","timestamp":"2024-11-09T21:34:52.855Z"}
{"level":"info","message":"Server running on port 3000","timestamp":"2024-11-09T21:39:19.736Z"}
{"level":"info","message":"MongoDB Connected","timestamp":"2024-11-09T21:39:20.572Z"}
{"level":"info","message":"Server running on port 3000","timestamp":"2024-11-09T21:43:11.441Z"}
{"level":"info","message":"MongoDB Connected","timestamp":"2024-11-09T21:43:12.260Z"}
{"level":"info","message":"Server running on port 3000","timestamp":"2024-11-09T21:50:41.256Z"}
{"level":"info","message":"MongoDB Connected","timestamp":"2024-11-09T21:50:42.057Z"}
{"level":"info","message":"Server running on port 3000","timestamp":"2024-11-09T21:50:50.758Z"}
{"level":"info","message":"MongoDB Connected","timestamp":"2024-11-09T21:50:51.453Z"}
{"level":"info","message":"Server running on port 3000","timestamp":"2024-11-09T21:57:54.692Z"}
{"level":"info","message":"MongoDB Connected","timestamp":"2024-11-09T21:57:55.533Z"}
{"level":"info","message":"Server running on port 3000","timestamp":"2024-11-09T22:02:34.884Z"}
{"level":"info","message":"MongoDB Connected","timestamp":"2024-11-09T22:02:35.713Z"}
{"level":"info","message":"Server running on port 3000","timestamp":"2024-11-09T22:22:47.798Z"}
{"level":"info","message":"MongoDB Connected","timestamp":"2024-11-09T22:22:48.759Z"}
{"level":"info","message":"Server running on port 3000","timestamp":"2024-11-09T22:23:27.062Z"}
{"level":"info","message":"MongoDB Connected","timestamp":"2024-11-09T22:23:27.772Z"}
{"level":"info","message":"Server running on port 3000","timestamp":"2024-11-09T22:28:43.484Z"}
{"level":"info","message":"MongoDB Connected","timestamp":"2024-11-09T22:28:44.369Z"}
{"level":"info","message":"Server running on port 3000","timestamp":"2024-11-09T22:31:23.948Z"}
{"level":"info","message":"MongoDB Connected","timestamp":"2024-11-09T22:31:24.886Z"}
{"level":"info","message":"Server running on port 3000","timestamp":"2024-11-09T22:32:02.123Z"}
{"level":"info","message":"MongoDB Connected","timestamp":"2024-11-09T22:32:02.831Z"}
{"level":"info","message":"Server running on port 5001","timestamp":"2024-11-09T22:42:01.734Z"}
{"level":"info","message":"MongoDB Connected","timestamp":"2024-11-09T22:42:02.635Z"}
{"level":"info","message":"Server running on port 5001","timestamp":"2024-11-09T22:54:07.847Z"}
{"level":"info","message":"MongoDB Connected","timestamp":"2024-11-09T22:54:08.678Z"}
{"level":"info","message":"Server running on port 5001","timestamp":"2024-11-09T22:55:21.119Z"}
{"level":"info","message":"MongoDB Connected","timestamp":"2024-11-09T22:55:21.839Z"}
{"level":"info","message":"Server running on port 5001","timestamp":"2024-11-09T22:56:52.751Z"}
{"level":"info","message":"MongoDB Connected","timestamp":"2024-11-09T22:56:53.569Z"}
{"level":"info","message":"Server running on port 5001","timestamp":"2024-11-09T22:57:35.019Z"}
{"level":"info","message":"MongoDB Connected","timestamp":"2024-11-09T22:57:35.721Z"}
{"level":"info","message":"Server running on port 5001","timestamp":"2024-11-09T23:02:17.240Z"}
{"level":"info","message":"MongoDB Connected","timestamp":"2024-11-09T23:02:18.096Z"}
{"level":"info","message":"Server running on port 5001","timestamp":"2024-11-09T23:02:35.384Z"}
{"level":"info","message":"MongoDB Connected","timestamp":"2024-11-09T23:02:36.100Z"}
{"level":"info","message":"Server running on port 5001","timestamp":"2024-11-09T23:04:07.664Z"}
{"level":"info","message":"MongoDB Connected","timestamp":"2024-11-09T23:04:08.477Z"}
{"level":"info","message":"Server running on port 5001","timestamp":"2024-11-09T23:04:29.162Z"}
{"level":"info","message":"MongoDB Connected","timestamp":"2024-11-09T23:04:29.863Z"}
{"level":"info","message":"Server running on port 5001","timestamp":"2024-11-09T23:05:14.168Z"}
{"level":"info","message":"MongoDB Connected","timestamp":"2024-11-09T23:05:14.905Z"}
{"level":"info","message":"Server running on port 5001","timestamp":"2024-11-09T23:06:09.456Z"}
{"level":"info","message":"MongoDB Connected","timestamp":"2024-11-09T23:06:10.157Z"}
{"level":"info","message":"Server running on port 5001","timestamp":"2024-11-09T23:07:40.326Z"}
{"level":"info","message":"MongoDB Connected","timestamp":"2024-11-09T23:07:41.141Z"}
{"level":"info","message":"Server running on port 5001","timestamp":"2024-11-09T23:30:54.929Z"}
{"level":"info","message":"MongoDB Connected","timestamp":"2024-11-09T23:30:55.851Z"}
{"level":"info","message":"Server running on port 5001","timestamp":"2024-11-09T23:31:36.845Z"}
{"level":"info","message":"MongoDB Connected","timestamp":"2024-11-09T23:31:37.538Z"}
{"level":"info","message":"Server running on port 5001","timestamp":"2024-11-09T23:33:08.604Z"}
{"level":"info","message":"MongoDB Connected","timestamp":"2024-11-09T23:33:09.416Z"}
{"level":"info","message":"Server running on port 5001","timestamp":"2024-11-12T17:10:49.535Z"}
{"level":"info","message":"MongoDB Connected","timestamp":"2024-11-12T17:10:50.387Z"}
{"level":"info","message":"Server running on port 5001","timestamp":"2024-11-12T17:11:48.839Z"}
{"level":"info","message":"MongoDB Connected","timestamp":"2024-11-12T17:11:49.554Z"}
{"level":"info","message":"Server running on port 5001","timestamp":"2024-11-12T17:12:46.795Z"}
{"level":"info","message":"MongoDB Connected","timestamp":"2024-11-12T17:12:47.717Z"}
{"level":"info","message":"Server running on port 5001","timestamp":"2024-11-12T17:21:30.458Z"}
{"level":"info","message":"MongoDB Connected","timestamp":"2024-11-12T17:21:31.313Z"}
{"level":"info","message":"Server running on port 5001","timestamp":"2024-11-12T17:35:43.398Z"}
{"level":"info","message":"MongoDB Connected","timestamp":"2024-11-12T17:35:44.248Z"}
{"level":"info","message":"Server running on port 5001","timestamp":"2024-11-12T17:39:05.957Z"}
{"level":"info","message":"MongoDB Connected","timestamp":"2024-11-12T17:39:06.746Z"}
{"level":"info","message":"Server running on port 5001","timestamp":"2024-11-12T17:47:00.380Z"}
{"level":"info","message":"MongoDB Connected","timestamp":"2024-11-12T17:47:01.209Z"}
{"level":"info","message":"Server running on port 5001","timestamp":"2024-11-12T19:12:55.936Z"}
{"level":"info","message":"MongoDB Connected","timestamp":"2024-11-12T19:12:56.814Z"}
{"level":"info","message":"Server running on port 5001","timestamp":"2024-11-12T19:21:02.425Z"}
{"level":"info","message":"MongoDB Connected","timestamp":"2024-11-12T19:21:03.362Z"}
{"level":"info","message":"Server running on port 5001","timestamp":"2024-11-12T19:28:23.808Z"}
{"level":"info","message":"MongoDB Connected","timestamp":"2024-11-12T19:28:24.677Z"}
{"level":"info","message":"Server running on port 5001","timestamp":"2024-11-12T19:28:28.824Z"}
{"level":"info","message":"MongoDB Connected","timestamp":"2024-11-12T19:28:29.610Z"}
{"level":"info","message":"Server running on port 5001","timestamp":"2024-11-12T19:36:31.527Z"}
{"level":"info","message":"MongoDB Connected","timestamp":"2024-11-12T19:36:32.426Z"}
{"level":"info","message":"Server running on port 5001","timestamp":"2024-11-12T19:36:50.624Z"}
{"level":"info","message":"MongoDB Connected","timestamp":"2024-11-12T19:36:51.394Z"}
{"level":"info","message":"Server running on port 5001","timestamp":"2024-11-12T19:56:36.915Z"}
{"level":"info","message":"MongoDB Connected","timestamp":"2024-11-12T19:56:37.836Z"}
{"level":"info","message":"Server running on port 5001","timestamp":"2024-11-12T19:57:24.391Z"}
{"level":"info","message":"MongoDB Connected","timestamp":"2024-11-12T19:57:25.144Z"}
{"level":"info","message":"Server running on port 5001","timestamp":"2024-11-12T20:00:35.990Z"}
{"level":"info","message":"MongoDB Connected","timestamp":"2024-11-12T20:00:36.872Z"}
{"level":"info","message":"Server running on port 5001","timestamp":"2024-11-12T20:03:23.417Z"}
{"level":"info","message":"MongoDB Connected","timestamp":"2024-11-12T20:03:24.314Z"}
{"level":"info","message":"Server running on port 5001","timestamp":"2024-11-12T20:08:28.943Z"}
{"level":"info","message":"MongoDB Connected","timestamp":"2024-11-12T20:08:29.859Z"}
{"level":"info","message":"Server running on port 5001","timestamp":"2024-11-12T20:10:54.080Z"}
{"level":"info","message":"MongoDB Connected","timestamp":"2024-11-12T20:10:55.142Z"}
{"level":"info","message":"Server running on port 5001","timestamp":"2024-11-12T20:17:13.307Z"}
{"level":"info","message":"MongoDB Connected","timestamp":"2024-11-12T20:17:14.480Z"}
{"level":"info","message":"Server running on port 5001","timestamp":"2024-11-12T20:21:01.082Z"}
{"level":"info","message":"MongoDB Connected","timestamp":"2024-11-12T20:21:02.103Z"}
{"level":"info","message":"Server running on port 5001","timestamp":"2024-11-12T20:25:01.857Z"}
{"level":"info","message":"MongoDB Connected","timestamp":"2024-11-12T20:25:02.852Z"}
{"level":"info","message":"Server running on port 5001","timestamp":"2024-11-12T20:27:20.109Z"}
{"level":"info","message":"MongoDB Connected","timestamp":"2024-11-12T20:27:21.051Z"}
{"level":"info","message":"Server running on port 5001","timestamp":"2024-11-12T20:27:26.543Z"}
{"level":"info","message":"MongoDB Connected","timestamp":"2024-11-12T20:27:27.485Z"}
{"level":"info","message":"Server running on port 5001","timestamp":"2024-11-12T20:36:01.788Z"}
{"level":"info","message":"MongoDB Connected","timestamp":"2024-11-12T20:36:03.013Z"}
{"level":"info","message":"Server running on port 5001","timestamp":"2024-11-12T20:36:12.660Z"}
{"level":"info","message":"MongoDB Connected","timestamp":"2024-11-12T20:36:13.494Z"}
{"level":"info","message":"Server running on port 5001","timestamp":"2024-11-12T20:36:15.152Z"}
{"level":"info","message":"MongoDB Connected","timestamp":"2024-11-12T20:36:16.044Z"}
{"level":"info","message":"Server running on port 5001","timestamp":"2024-11-12T20:53:55.163Z"}
{"level":"info","message":"MongoDB Connected","timestamp":"2024-11-12T20:53:56.272Z"}
{"level":"info","message":"Server running on port 5001","timestamp":"2024-11-12T20:53:56.501Z"}
{"level":"info","message":"MongoDB Connected","timestamp":"2024-11-12T20:53:58.346Z"}
{"level":"info","message":"Server running on port 5001","timestamp":"2024-11-12T20:56:09.249Z"}
{"level":"info","message":"MongoDB Connected","timestamp":"2024-11-12T20:56:10.580Z"}
{"level":"info","message":"Server running on port 5001","timestamp":"2024-11-12T21:38:12.878Z"}
{"level":"info","message":"MongoDB Connected","timestamp":"2024-11-12T21:38:14.007Z"}
{"level":"info","message":"Server running on port 5001","timestamp":"2024-11-12T21:46:41.699Z"}
{"level":"info","message":"MongoDB Connected","timestamp":"2024-11-12T21:46:42.921Z"}
{"level":"info","message":"Server running on port 5001","timestamp":"2024-11-12T21:47:35.207Z"}
{"level":"info","message":"MongoDB Connected","timestamp":"2024-11-12T21:47:36.127Z"}
{"level":"info","message":"Server running on port 5001","timestamp":"2024-11-12T21:56:47.183Z"}
{"level":"info","message":"MongoDB Connected","timestamp":"2024-11-12T21:56:48.485Z"}
{"level":"info","message":"Server running on port 5001","timestamp":"2024-11-12T21:57:04.996Z"}
{"level":"info","message":"MongoDB Connected","timestamp":"2024-11-12T21:57:06.206Z"}
{"level":"info","message":"Server running on port 5001","timestamp":"2024-11-12T22:04:00.362Z"}
{"level":"info","message":"MongoDB Connected","timestamp":"2024-11-12T22:04:01.588Z"}
{"level":"info","message":"Server running on port 5001","timestamp":"2024-11-12T22:20:17.751Z"}
{"level":"info","message":"MongoDB Connected","timestamp":"2024-11-12T22:20:19.086Z"}
{"level":"info","message":"Server running on port 5001","timestamp":"2024-11-12T22:20:31.273Z"}
{"level":"info","message":"MongoDB Connected","timestamp":"2024-11-12T22:20:32.738Z"}
{"level":"info","message":"Server running on port 5001","timestamp":"2024-11-12T22:22:35.458Z"}
{"level":"info","message":"MongoDB Connected","timestamp":"2024-11-12T22:22:41.963Z"}
{"level":"info","message":"Server running on port 5001","timestamp":"2024-11-12T22:22:44.983Z"}
{"level":"info","message":"MongoDB Connected","timestamp":"2024-11-12T22:22:52.764Z"}
{"level":"info","message":"Server running on port 5001","timestamp":"2024-11-12T23:10:04.884Z"}
{"level":"info","message":"MongoDB Connected","timestamp":"2024-11-12T23:10:06.353Z"}
{"level":"info","message":"Server running on port 5001","timestamp":"2024-11-12T23:39:42.075Z"}
{"level":"info","message":"MongoDB Connected","timestamp":"2024-11-12T23:39:43.197Z"}
{"level":"info","message":"Server running on port 5001","timestamp":"2024-11-12T23:54:41.068Z"}
{"level":"info","message":"MongoDB Connected","timestamp":"2024-11-12T23:54:42.065Z"}
{"level":"info","message":"Server running on port 5001","timestamp":"2024-11-13T00:03:31.098Z"}
{"level":"info","message":"MongoDB Connected","timestamp":"2024-11-13T00:03:32.257Z"}
{"level":"info","message":"Server running on port 5001","timestamp":"2024-11-13T00:03:58.266Z"}
{"level":"info","message":"MongoDB Connected","timestamp":"2024-11-13T00:03:59.376Z"}
{"level":"info","message":"Server running on port 5001","timestamp":"2024-11-13T00:04:57.846Z"}
{"level":"info","message":"MongoDB Connected","timestamp":"2024-11-13T00:04:59.466Z"}
{"level":"info","message":"Server running on port 5001","timestamp":"2024-11-13T00:06:33.749Z"}
{"level":"info","message":"MongoDB Connected","timestamp":"2024-11-13T00:06:35.217Z"}
{"level":"info","message":"Server running on port 5001","timestamp":"2024-11-13T00:07:05.079Z"}
{"level":"info","message":"MongoDB Connected","timestamp":"2024-11-13T00:07:06.473Z"}
{"level":"info","message":"Server running on port 5001","timestamp":"2024-11-13T23:11:35.618Z"}
{"level":"info","message":"MongoDB Connected","timestamp":"2024-11-13T23:11:36.780Z"}
{"level":"info","message":"Server running on port 5001","timestamp":"2024-11-13T23:11:55.387Z"}
{"level":"info","message":"MongoDB Connected","timestamp":"2024-11-13T23:11:56.309Z"}
{"level":"info","message":"Server running on port 5001","timestamp":"2024-11-13T23:12:28.477Z"}
{"level":"info","message":"MongoDB Connected","timestamp":"2024-11-13T23:12:29.244Z"}
{"level":"info","message":"Server running on port 5001","timestamp":"2024-11-13T23:15:27.930Z"}
{"level":"info","message":"MongoDB Connected","timestamp":"2024-11-13T23:15:28.897Z"}
{"level":"info","message":"Server running on port 5001","timestamp":"2024-11-13T23:30:59.171Z"}
{"level":"info","message":"MongoDB Connected","timestamp":"2024-11-13T23:31:00.247Z"}
{"level":"info","message":"Server running on port 5001","timestamp":"2024-11-13T23:31:46.478Z"}
{"level":"info","message":"MongoDB Connected","timestamp":"2024-11-13T23:31:47.392Z"}
{"level":"info","message":"Server running on port 5001","timestamp":"2024-11-14T00:10:35.233Z"}
{"level":"info","message":"MongoDB Connected","timestamp":"2024-11-14T00:10:36.319Z"}
{"level":"info","message":"Server running on port 5001","timestamp":"2024-11-14T00:10:42.494Z"}
{"level":"info","message":"MongoDB Connected","timestamp":"2024-11-14T00:10:43.352Z"}
{"level":"info","message":"Server running on port 5001","timestamp":"2024-11-14T00:10:45.870Z"}
{"level":"info","message":"MongoDB Connected","timestamp":"2024-11-14T00:10:46.871Z"}
{"level":"info","message":"Server running on port 5001","timestamp":"2024-11-16T21:47:26.493Z"}
{"level":"info","message":"MongoDB Connected","timestamp":"2024-11-16T21:47:28.742Z"}
{"level":"info","message":"Server running on port 5001","timestamp":"2024-11-16T21:52:17.313Z"}
{"level":"info","message":"MongoDB Connected","timestamp":"2024-11-16T21:52:19.061Z"}
{"level":"info","message":"Server running on port 5001","timestamp":"2024-11-19T17:20:35.572Z"}
{"level":"info","message":"MongoDB Connected","timestamp":"2024-11-19T17:20:36.723Z"}
{"level":"info","message":"Server running on port 5001","timestamp":"2024-11-19T18:13:12.675Z"}
{"level":"error","message":"MongoDB Connection Error: Could not connect to any servers in your MongoDB Atlas cluster. One common reason is that you're trying to access the database from an IP that isn't whitelisted. Make sure your current IP address is on your Atlas cluster's IP whitelist: https://www.mongodb.com/docs/atlas/security-whitelist/","reason":{"commonWireVersion":0,"compatible":true,"heartbeatFrequencyMS":10000,"localThresholdMS":15,"logicalSessionTimeoutMinutes":null,"maxElectionId":null,"maxSetVersion":null,"servers":{"cluster0-shard-00-00.rrru7.mongodb.net:27017":{"$clusterTime":null,"address":"cluster0-shard-00-00.rrru7.mongodb.net:27017","arbiters":[],"electionId":null,"error":null,"hosts":[],"lastUpdateTime":167874818,"lastWriteDate":0,"logicalSessionTimeoutMinutes":null,"maxWireVersion":0,"me":null,"minRoundTripTime":0,"minWireVersion":0,"passives":[],"primary":null,"roundTripTime":-1,"setName":null,"setVersion":null,"tags":{},"topologyVersion":null,"type":"Unknown"},"cluster0-shard-00-01.rrru7.mongodb.net:27017":{"$clusterTime":null,"address":"cluster0-shard-00-01.rrru7.mongodb.net:27017","arbiters":[],"electionId":null,"error":null,"hosts":[],"lastUpdateTime":167874818,"lastWriteDate":0,"logicalSessionTimeoutMinutes":null,"maxWireVersion":0,"me":null,"minRoundTripTime":0,"minWireVersion":0,"passives":[],"primary":null,"roundTripTime":-1,"setName":null,"setVersion":null,"tags":{},"topologyVersion":null,"type":"Unknown"},"cluster0-shard-00-02.rrru7.mongodb.net:27017":{"$clusterTime":null,"address":"cluster0-shard-00-02.rrru7.mongodb.net:27017","arbiters":[],"electionId":null,"error":null,"hosts":[],"lastUpdateTime":167874818,"lastWriteDate":0,"logicalSessionTimeoutMinutes":null,"maxWireVersion":0,"me":null,"minRoundTripTime":0,"minWireVersion":0,"passives":[],"primary":null,"roundTripTime":-1,"setName":null,"setVersion":null,"tags":{},"topologyVersion":null,"type":"Unknown"}},"setName":"atlas-td0ywg-shard-0","stale":false,"type":"ReplicaSetNoPrimary"},"stack":"MongooseServerSelectionError: Could not connect to any servers in your MongoDB Atlas cluster. One common reason is that you're trying to access the database from an IP that isn't whitelisted. Make sure your current IP address is on your Atlas cluster's IP whitelist: https://www.mongodb.com/docs/atlas/security-whitelist/\n    at _handleConnectionErrors (/Users/parthtejani/Personal Project/Node/bagitnow node/node_modules/mongoose/lib/connection.js:909:11)\n    at NativeConnection.openUri (/Users/parthtejani/Personal Project/Node/bagitnow node/node_modules/mongoose/lib/connection.js:860:11)\n    at async connectDB (/Users/parthtejani/Personal Project/Node/bagitnow node/config/database.js:7:5)","timestamp":"2024-11-19T18:13:50.900Z"}
{"level":"info","message":"Server running on port 5001","timestamp":"2024-11-19T18:16:18.314Z"}
{"level":"error","message":"MongoDB Connection Error: Could not connect to any servers in your MongoDB Atlas cluster. One common reason is that you're trying to access the database from an IP that isn't whitelisted. Make sure your current IP address is on your Atlas cluster's IP whitelist: https://www.mongodb.com/docs/atlas/security-whitelist/","reason":{"commonWireVersion":0,"compatible":true,"heartbeatFrequencyMS":10000,"localThresholdMS":15,"logicalSessionTimeoutMinutes":null,"maxElectionId":null,"maxSetVersion":null,"servers":{"cluster0-shard-00-00.rrru7.mongodb.net:27017":{"$clusterTime":null,"address":"cluster0-shard-00-00.rrru7.mongodb.net:27017","arbiters":[],"electionId":null,"error":null,"hosts":[],"lastUpdateTime":168057664,"lastWriteDate":0,"logicalSessionTimeoutMinutes":null,"maxWireVersion":0,"me":null,"minRoundTripTime":0,"minWireVersion":0,"passives":[],"primary":null,"roundTripTime":-1,"setName":null,"setVersion":null,"tags":{},"topologyVersion":null,"type":"Unknown"},"cluster0-shard-00-01.rrru7.mongodb.net:27017":{"$clusterTime":null,"address":"cluster0-shard-00-01.rrru7.mongodb.net:27017","arbiters":[],"electionId":null,"error":null,"hosts":[],"lastUpdateTime":168057664,"lastWriteDate":0,"logicalSessionTimeoutMinutes":null,"maxWireVersion":0,"me":null,"minRoundTripTime":0,"minWireVersion":0,"passives":[],"primary":null,"roundTripTime":-1,"setName":null,"setVersion":null,"tags":{},"topologyVersion":null,"type":"Unknown"},"cluster0-shard-00-02.rrru7.mongodb.net:27017":{"$clusterTime":null,"address":"cluster0-shard-00-02.rrru7.mongodb.net:27017","arbiters":[],"electionId":null,"error":null,"hosts":[],"lastUpdateTime":168057664,"lastWriteDate":0,"logicalSessionTimeoutMinutes":null,"maxWireVersion":0,"me":null,"minRoundTripTime":0,"minWireVersion":0,"passives":[],"primary":null,"roundTripTime":-1,"setName":null,"setVersion":null,"tags":{},"topologyVersion":null,"type":"Unknown"}},"setName":"atlas-td0ywg-shard-0","stale":false,"type":"ReplicaSetNoPrimary"},"stack":"MongooseServerSelectionError: Could not connect to any servers in your MongoDB Atlas cluster. One common reason is that you're trying to access the database from an IP that isn't whitelisted. Make sure your current IP address is on your Atlas cluster's IP whitelist: https://www.mongodb.com/docs/atlas/security-whitelist/\n    at _handleConnectionErrors (/Users/parthtejani/Personal Project/Node/bagitnow node/node_modules/mongoose/lib/connection.js:909:11)\n    at NativeConnection.openUri (/Users/parthtejani/Personal Project/Node/bagitnow node/node_modules/mongoose/lib/connection.js:860:11)\n    at async connectDB (/Users/parthtejani/Personal Project/Node/bagitnow node/config/database.js:7:5)","timestamp":"2024-11-19T18:16:53.748Z"}
{"level":"info","message":"Server running on port 5001","timestamp":"2024-11-19T18:53:52.402Z"}
{"level":"info","message":"MongoDB Connected","timestamp":"2024-11-19T18:53:55.298Z"}
{"level":"info","message":"Server running on port 5001","timestamp":"2024-11-19T18:55:52.988Z"}
{"level":"info","message":"MongoDB Connected","timestamp":"2024-11-19T18:56:01.475Z"}
{"level":"info","message":"Server running on port 5001","timestamp":"2024-11-19T18:57:39.255Z"}
{"level":"info","message":"Server running on port 5001","timestamp":"2024-11-19T18:57:43.450Z"}
{"level":"info","message":"MongoDB Connected","timestamp":"2024-11-19T18:57:47.883Z"}
{"level":"info","message":"Server running on port 5001","timestamp":"2024-11-19T19:03:56.713Z"}
{"connectionGeneration":0,"level":"error","message":"MongoDB Connection Error: connection timed out","stack":"MongoNetworkTimeoutError: connection timed out\n    at connectionFailureError (/Users/parthtejani/Personal Project/Node/bagitnow node/node_modules/mongodb/lib/cmap/connect.js:358:20)\n    at TLSSocket.<anonymous> (/Users/parthtejani/Personal Project/Node/bagitnow node/node_modules/mongodb/lib/cmap/connect.js:273:43)\n    at Object.onceWrapper (node:events:632:28)\n    at TLSSocket.emit (node:events:518:28)\n    at Socket._onTimeout (node:net:589:8)\n    at listOnTimeout (node:internal/timers:573:17)\n    at process.processTimers (node:internal/timers:514:7)","timestamp":"2024-11-19T19:04:42.206Z"}
{"level":"info","message":"Server running on port 5001","timestamp":"2024-11-19T19:12:19.614Z"}
{"level":"error","message":"MongoDB Connection Error: Could not connect to any servers in your MongoDB Atlas cluster. One common reason is that you're trying to access the database from an IP that isn't whitelisted. Make sure your current IP address is on your Atlas cluster's IP whitelist: https://www.mongodb.com/docs/atlas/security-whitelist/","reason":{"commonWireVersion":0,"compatible":true,"heartbeatFrequencyMS":10000,"localThresholdMS":15,"logicalSessionTimeoutMinutes":null,"maxElectionId":null,"maxSetVersion":null,"servers":{"cluster0-shard-00-00.rrru7.mongodb.net:27017":{"$clusterTime":null,"address":"cluster0-shard-00-00.rrru7.mongodb.net:27017","arbiters":[],"electionId":null,"error":null,"hosts":[],"lastUpdateTime":171414195,"lastWriteDate":0,"logicalSessionTimeoutMinutes":null,"maxWireVersion":0,"me":null,"minRoundTripTime":0,"minWireVersion":0,"passives":[],"primary":null,"roundTripTime":-1,"setName":null,"setVersion":null,"tags":{},"topologyVersion":null,"type":"Unknown"},"cluster0-shard-00-01.rrru7.mongodb.net:27017":{"$clusterTime":null,"address":"cluster0-shard-00-01.rrru7.mongodb.net:27017","arbiters":[],"electionId":null,"error":null,"hosts":[],"lastUpdateTime":171414195,"lastWriteDate":0,"logicalSessionTimeoutMinutes":null,"maxWireVersion":0,"me":null,"minRoundTripTime":0,"minWireVersion":0,"passives":[],"primary":null,"roundTripTime":-1,"setName":null,"setVersion":null,"tags":{},"topologyVersion":null,"type":"Unknown"},"cluster0-shard-00-02.rrru7.mongodb.net:27017":{"$clusterTime":null,"address":"cluster0-shard-00-02.rrru7.mongodb.net:27017","arbiters":[],"electionId":null,"error":null,"hosts":[],"lastUpdateTime":171414195,"lastWriteDate":0,"logicalSessionTimeoutMinutes":null,"maxWireVersion":0,"me":null,"minRoundTripTime":0,"minWireVersion":0,"passives":[],"primary":null,"roundTripTime":-1,"setName":null,"setVersion":null,"tags":{},"topologyVersion":null,"type":"Unknown"}},"setName":"atlas-td0ywg-shard-0","stale":false,"type":"ReplicaSetNoPrimary"},"stack":"MongooseServerSelectionError: Could not connect to any servers in your MongoDB Atlas cluster. One common reason is that you're trying to access the database from an IP that isn't whitelisted. Make sure your current IP address is on your Atlas cluster's IP whitelist: https://www.mongodb.com/docs/atlas/security-whitelist/\n    at _handleConnectionErrors (/Users/parthtejani/Personal Project/Node/bagitnow node/node_modules/mongoose/lib/connection.js:909:11)\n    at NativeConnection.openUri (/Users/parthtejani/Personal Project/Node/bagitnow node/node_modules/mongoose/lib/connection.js:860:11)\n    at async connectDB (/Users/parthtejani/Personal Project/Node/bagitnow node/config/database.js:7:5)","timestamp":"2024-11-19T19:12:50.343Z"}
{"level":"info","message":"Server running on port 5001","timestamp":"2024-11-19T19:14:13.917Z"}
{"level":"error","message":"MongoDB Connection Error: Could not connect to any servers in your MongoDB Atlas cluster. One common reason is that you're trying to access the database from an IP that isn't whitelisted. Make sure your current IP address is on your Atlas cluster's IP whitelist: https://www.mongodb.com/docs/atlas/security-whitelist/","reason":{"commonWireVersion":0,"compatible":true,"heartbeatFrequencyMS":10000,"localThresholdMS":15,"logicalSessionTimeoutMinutes":null,"maxElectionId":null,"maxSetVersion":null,"servers":{"cluster0-shard-00-00.rrru7.mongodb.net:27017":{"$clusterTime":null,"address":"cluster0-shard-00-00.rrru7.mongodb.net:27017","arbiters":[],"electionId":null,"error":null,"hosts":[],"lastUpdateTime":171536679,"lastWriteDate":0,"logicalSessionTimeoutMinutes":null,"maxWireVersion":0,"me":null,"minRoundTripTime":0,"minWireVersion":0,"passives":[],"primary":null,"roundTripTime":-1,"setName":null,"setVersion":null,"tags":{},"topologyVersion":null,"type":"Unknown"},"cluster0-shard-00-01.rrru7.mongodb.net:27017":{"$clusterTime":null,"address":"cluster0-shard-00-01.rrru7.mongodb.net:27017","arbiters":[],"electionId":null,"error":null,"hosts":[],"lastUpdateTime":171536679,"lastWriteDate":0,"logicalSessionTimeoutMinutes":null,"maxWireVersion":0,"me":null,"minRoundTripTime":0,"minWireVersion":0,"passives":[],"primary":null,"roundTripTime":-1,"setName":null,"setVersion":null,"tags":{},"topologyVersion":null,"type":"Unknown"},"cluster0-shard-00-02.rrru7.mongodb.net:27017":{"$clusterTime":null,"address":"cluster0-shard-00-02.rrru7.mongodb.net:27017","arbiters":[],"electionId":null,"error":null,"hosts":[],"lastUpdateTime":171536679,"lastWriteDate":0,"logicalSessionTimeoutMinutes":null,"maxWireVersion":0,"me":null,"minRoundTripTime":0,"minWireVersion":0,"passives":[],"primary":null,"roundTripTime":-1,"setName":null,"setVersion":null,"tags":{},"topologyVersion":null,"type":"Unknown"}},"setName":"atlas-td0ywg-shard-0","stale":false,"type":"ReplicaSetNoPrimary"},"stack":"MongooseServerSelectionError: Could not connect to any servers in your MongoDB Atlas cluster. One common reason is that you're trying to access the database from an IP that isn't whitelisted. Make sure your current IP address is on your Atlas cluster's IP whitelist: https://www.mongodb.com/docs/atlas/security-whitelist/\n    at _handleConnectionErrors (/Users/parthtejani/Personal Project/Node/bagitnow node/node_modules/mongoose/lib/connection.js:909:11)\n    at NativeConnection.openUri (/Users/parthtejani/Personal Project/Node/bagitnow node/node_modules/mongoose/lib/connection.js:860:11)\n    at async connectDB (/Users/parthtejani/Personal Project/Node/bagitnow node/config/database.js:7:5)","timestamp":"2024-11-19T19:14:52.848Z"}
{"level":"info","message":"Server running on port 5001","timestamp":"2024-11-19T19:16:03.515Z"}
{"level":"info","message":"MongoDB Connected","timestamp":"2024-11-19T19:16:28.760Z"}
{"level":"info","message":"Server running on port 5001","timestamp":"2024-11-19T19:18:40.189Z"}
{"level":"info","message":"Server running on port 5001","timestamp":"2024-11-19T19:19:27.265Z"}
{"level":"info","message":"MongoDB Connected","timestamp":"2024-11-19T19:19:48.575Z"}
{"level":"info","message":"Server running on port 5001","timestamp":"2024-11-19T19:26:04.206Z"}
{"connectionGeneration":0,"level":"error","message":"MongoDB Connection Error: connection 1 to 44.230.130.169:27017 timed out","stack":"MongoNetworkTimeoutError: connection 1 to 44.230.130.169:27017 timed out\n    at Timeout._onTimeout (/Users/parthtejani/Personal Project/Node/bagitnow node/node_modules/mongodb/lib/cmap/connection.js:116:26)\n    at listOnTimeout (node:internal/timers:573:17)\n    at process.processTimers (node:internal/timers:514:7)","timestamp":"2024-11-19T19:26:42.889Z"}
{"level":"info","message":"Server running on port 5001","timestamp":"2024-11-19T19:32:20.492Z"}
{"level":"info","message":"MongoDB Connected","timestamp":"2024-11-19T19:32:21.706Z"}
{"level":"info","message":"Server running on port 5001","timestamp":"2024-11-19T19:34:10.444Z"}
{"level":"info","message":"MongoDB Connected","timestamp":"2024-11-19T19:34:12.366Z"}
{"level":"info","message":"Server running on port 5001","timestamp":"2024-11-19T19:34:21.218Z"}
{"level":"info","message":"MongoDB Connected","timestamp":"2024-11-19T19:34:21.963Z"}
{"level":"info","message":"Server running on port 5001","timestamp":"2024-11-19T19:34:53.799Z"}
{"level":"info","message":"MongoDB Connected","timestamp":"2024-11-19T19:34:54.533Z"}
{"level":"info","message":"Server running on port 5001","timestamp":"2024-11-19T20:50:29.922Z"}
{"level":"info","message":"MongoDB Connected","timestamp":"2024-11-19T20:50:32.434Z"}
{"level":"info","message":"Server running on port 5001","timestamp":"2024-11-19T22:34:46.054Z"}
{"level":"info","message":"MongoDB Connected","timestamp":"2024-11-19T22:34:51.744Z"}
{"level":"info","message":"Server running on port 5001","timestamp":"2024-11-19T22:54:14.809Z"}
{"level":"info","message":"MongoDB Connected","timestamp":"2024-11-19T22:54:16.280Z"}
{"level":"info","message":"Server running on port 5001","timestamp":"2024-11-19T22:54:35.878Z"}
{"level":"info","message":"MongoDB Connected","timestamp":"2024-11-19T22:54:39.567Z"}
{"level":"info","message":"Server running on port 5001","timestamp":"2024-11-19T22:54:43.284Z"}
{"level":"info","message":"MongoDB Connected","timestamp":"2024-11-19T22:54:44.589Z"}
{"level":"info","message":"Server running on port 5001","timestamp":"2024-11-19T22:58:28.317Z"}
{"level":"info","message":"MongoDB Connected","timestamp":"2024-11-19T22:58:29.159Z"}
{"level":"info","message":"Server running on port 5001","timestamp":"2024-11-19T23:01:48.012Z"}
{"level":"info","message":"MongoDB Connected","timestamp":"2024-11-19T23:01:48.902Z"}
{"level":"info","message":"Server running on port 5001","timestamp":"2024-11-19T23:02:15.741Z"}
{"level":"info","message":"MongoDB Connected","timestamp":"2024-11-19T23:02:16.900Z"}
{"level":"info","message":"Server running on port 5001","timestamp":"2024-11-19T23:02:17.477Z"}
{"level":"info","message":"MongoDB Connected","timestamp":"2024-11-19T23:02:18.553Z"}
{"level":"info","message":"Server running on port 5001","timestamp":"2024-11-19T23:06:55.818Z"}
{"level":"info","message":"MongoDB Connected","timestamp":"2024-11-19T23:06:56.752Z"}
{"level":"info","message":"Server running on port 5001","timestamp":"2024-11-19T23:32:48.599Z"}
{"level":"info","message":"MongoDB Connected","timestamp":"2024-11-19T23:32:49.998Z"}
{"level":"info","message":"Server running on port 5001","timestamp":"2024-11-19T23:33:17.902Z"}
{"level":"info","message":"MongoDB Connected","timestamp":"2024-11-19T23:33:18.896Z"}
{"level":"info","message":"Server running on port 5001","timestamp":"2024-11-19T23:33:30.286Z"}
{"level":"info","message":"MongoDB Connected","timestamp":"2024-11-19T23:33:31.607Z"}
{"level":"info","message":"Server running on port 5001","timestamp":"2024-11-19T23:35:08.848Z"}
{"level":"info","message":"MongoDB Connected","timestamp":"2024-11-19T23:35:15.727Z"}
{"level":"info","message":"Server running on port 5001","timestamp":"2024-11-19T23:36:28.199Z"}
{"level":"info","message":"MongoDB Connected","timestamp":"2024-11-19T23:36:31.689Z"}
{"level":"info","message":"Server running on port 5001","timestamp":"2024-11-19T23:36:38.318Z"}
{"level":"info","message":"MongoDB Connected","timestamp":"2024-11-19T23:36:40.499Z"}
{"level":"info","message":"Server running on port 5001","timestamp":"2024-11-19T23:43:46.725Z"}
{"level":"info","message":"MongoDB Connected","timestamp":"2024-11-19T23:43:49.027Z"}
{"level":"info","message":"Server running on port 5001","timestamp":"2024-11-19T23:45:12.471Z"}
{"level":"info","message":"MongoDB Connected","timestamp":"2024-11-19T23:45:13.501Z"}
{"level":"info","message":"Server running on port 5001","timestamp":"2024-11-19T23:46:33.495Z"}
{"level":"info","message":"MongoDB Connected","timestamp":"2024-11-19T23:46:35.795Z"}
{"level":"info","message":"Server running on port 5001","timestamp":"2024-11-19T23:52:52.243Z"}
{"level":"info","message":"MongoDB Connected","timestamp":"2024-11-19T23:52:53.172Z"}
{"level":"info","message":"Server running on port 5001","timestamp":"2024-11-20T00:22:31.042Z"}
{"level":"info","message":"MongoDB Connected","timestamp":"2024-11-20T00:22:32.051Z"}
{"level":"info","message":"Server running on port 5001","timestamp":"2024-11-20T00:49:54.819Z"}
{"level":"info","message":"MongoDB Connected","timestamp":"2024-11-20T00:49:56.284Z"}
{"level":"info","message":"Server running on port 5001","timestamp":"2024-11-20T03:34:18.643Z"}
{"level":"info","message":"MongoDB Connected","timestamp":"2024-11-20T03:34:19.535Z"}
{"level":"info","message":"Server running on port 5001","timestamp":"2024-11-20T03:36:20.884Z"}
{"level":"info","message":"MongoDB Connected","timestamp":"2024-11-20T03:36:22.264Z"}
{"level":"info","message":"Server running on port 5001","timestamp":"2024-11-20T03:36:40.942Z"}
{"level":"info","message":"MongoDB Connected","timestamp":"2024-11-20T03:36:41.970Z"}
{"level":"info","message":"Server running on port 5001","timestamp":"2024-11-20T03:39:11.108Z"}
{"level":"info","message":"MongoDB Connected","timestamp":"2024-11-20T03:39:12.039Z"}
{"level":"info","message":"Server running on port 5001","timestamp":"2024-11-20T03:40:16.161Z"}
{"level":"info","message":"MongoDB Connected","timestamp":"2024-11-20T03:40:16.926Z"}
{"level":"info","message":"Server running on port 5001","timestamp":"2024-11-20T03:41:03.737Z"}
{"level":"info","message":"MongoDB Connected","timestamp":"2024-11-20T03:41:04.544Z"}
{"level":"info","message":"Server running on port 5001","timestamp":"2024-11-21T00:23:51.222Z"}
{"level":"info","message":"MongoDB Connected","timestamp":"2024-11-21T00:23:52.144Z"}
{"level":"info","message":"Server running on port 5001","timestamp":"2024-12-06T20:15:20.709Z"}
{"level":"info","message":"MongoDB Connected","timestamp":"2024-12-06T20:15:21.643Z"}
{"level":"info","message":"Server running on port 5001","timestamp":"2024-12-06T20:31:04.771Z"}
{"level":"info","message":"MongoDB Connected","timestamp":"2024-12-06T20:31:05.728Z"}
{"level":"info","message":"Server running on port 5001","timestamp":"2024-12-06T20:31:22.074Z"}
{"level":"info","message":"MongoDB Connected","timestamp":"2024-12-06T20:31:22.977Z"}
{"level":"info","message":"Server running on port 5001","timestamp":"2024-12-06T20:31:38.968Z"}
{"level":"info","message":"MongoDB Connected","timestamp":"2024-12-06T20:31:39.788Z"}
{"level":"info","message":"Server running on port 5001","timestamp":"2024-12-06T20:31:40.057Z"}
{"level":"info","message":"MongoDB Connected","timestamp":"2024-12-06T20:31:40.954Z"}
{"level":"info","message":"Server running on port 5001","timestamp":"2024-12-06T20:38:31.428Z"}
{"level":"info","message":"MongoDB Connected","timestamp":"2024-12-06T20:38:32.327Z"}
{"level":"info","message":"Server running on port 5001","timestamp":"2024-12-06T20:38:37.894Z"}
{"level":"info","message":"MongoDB Connected","timestamp":"2024-12-06T20:38:38.671Z"}
{"level":"info","message":"Server running on port 5001","timestamp":"2024-12-06T20:38:51.010Z"}
{"level":"info","message":"MongoDB Connected","timestamp":"2024-12-06T20:38:51.833Z"}
{"level":"info","message":"Server running on port 5001","timestamp":"2024-12-06T20:38:56.840Z"}
{"level":"info","message":"MongoDB Connected","timestamp":"2024-12-06T20:38:57.689Z"}
{"level":"info","message":"Server running on port 5001","timestamp":"2024-12-06T20:39:13.249Z"}
{"level":"info","message":"MongoDB Connected","timestamp":"2024-12-06T20:39:14.055Z"}
{"level":"info","message":"Server running on port 5001","timestamp":"2024-12-06T20:39:19.095Z"}
{"level":"info","message":"MongoDB Connected","timestamp":"2024-12-06T20:39:19.821Z"}
{"level":"info","message":"Server running on port 5001","timestamp":"2024-12-06T20:41:51.836Z"}
{"level":"info","message":"MongoDB Connected","timestamp":"2024-12-06T20:41:52.790Z"}
{"level":"info","message":"Server running on port 5001","timestamp":"2024-12-06T20:44:35.603Z"}
{"level":"info","message":"MongoDB Connected","timestamp":"2024-12-06T20:44:36.586Z"}
{"level":"info","message":"Server running on port 5001","timestamp":"2024-12-06T20:46:32.077Z"}
{"level":"info","message":"MongoDB Connected","timestamp":"2024-12-06T20:46:32.948Z"}
{"level":"info","message":"Server running on port 5001","timestamp":"2024-12-06T21:08:10.245Z"}
{"level":"info","message":"MongoDB Connected","timestamp":"2024-12-06T21:08:11.511Z"}
{"level":"info","message":"Server running on port 5001","timestamp":"2024-12-06T21:11:16.753Z"}
{"level":"info","message":"MongoDB Connected","timestamp":"2024-12-06T21:11:17.731Z"}
{"level":"info","message":"Server running on port 5001","timestamp":"2024-12-06T21:11:54.220Z"}
{"level":"info","message":"MongoDB Connected","timestamp":"2024-12-06T21:11:55.568Z"}
{"level":"info","message":"Server running on port 5001","timestamp":"2024-12-06T21:12:16.903Z"}
{"level":"info","message":"MongoDB Connected","timestamp":"2024-12-06T21:12:17.778Z"}
{"level":"info","message":"Server running on port 5001","timestamp":"2024-12-06T23:40:59.527Z"}
{"level":"info","message":"MongoDB Connected","timestamp":"2024-12-06T23:41:00.484Z"}
{"level":"info","message":"Server running on port 5001","timestamp":"2024-12-06T23:58:06.910Z"}
{"level":"info","message":"MongoDB Connected","timestamp":"2024-12-06T23:58:07.990Z"}
{"level":"info","message":"Server running on port 5001","timestamp":"2024-12-06T23:58:19.364Z"}
{"level":"info","message":"MongoDB Connected","timestamp":"2024-12-06T23:58:20.578Z"}
{"level":"info","message":"Server running on port 5001","timestamp":"2024-12-06T23:59:24.507Z"}
{"level":"info","message":"MongoDB Connected","timestamp":"2024-12-06T23:59:25.607Z"}
{"level":"info","message":"Server running on port 5001","timestamp":"2024-12-06T23:59:52.686Z"}
{"level":"info","message":"MongoDB Connected","timestamp":"2024-12-06T23:59:53.722Z"}
{"level":"info","message":"Server running on port 5001","timestamp":"2024-12-07T00:00:04.214Z"}
{"level":"info","message":"MongoDB Connected","timestamp":"2024-12-07T00:00:05.149Z"}
{"level":"info","message":"Server running on port 5001","timestamp":"2024-12-07T00:03:13.221Z"}
{"level":"info","message":"MongoDB Connected","timestamp":"2024-12-07T00:03:14.532Z"}
{"level":"info","message":"Server running on port 5001","timestamp":"2024-12-07T00:03:24.757Z"}
{"level":"info","message":"MongoDB Connected","timestamp":"2024-12-07T00:03:25.844Z"}
{"level":"info","message":"Server running on port 5001","timestamp":"2024-12-07T00:03:43.231Z"}
{"level":"info","message":"MongoDB Connected","timestamp":"2024-12-07T00:03:44.319Z"}
{"level":"info","message":"Server running on port 5001","timestamp":"2024-12-07T00:03:53.378Z"}
{"level":"info","message":"MongoDB Connected","timestamp":"2024-12-07T00:03:54.327Z"}
{"level":"info","message":"Server running on port 5001","timestamp":"2024-12-07T00:04:14.620Z"}
{"level":"info","message":"MongoDB Connected","timestamp":"2024-12-07T00:04:15.686Z"}
{"level":"info","message":"Server running on port 5001","timestamp":"2024-12-07T00:04:23.381Z"}
{"level":"info","message":"MongoDB Connected","timestamp":"2024-12-07T00:04:24.508Z"}
{"level":"info","message":"Server running on port 5001","timestamp":"2024-12-07T00:08:00.158Z"}
{"level":"info","message":"MongoDB Connected","timestamp":"2024-12-07T00:08:02.122Z"}
{"level":"info","message":"Server running on port 5001","timestamp":"2024-12-07T00:17:04.478Z"}
{"level":"info","message":"MongoDB Connected","timestamp":"2024-12-07T00:17:06.236Z"}
{"level":"info","message":"Server running on port 5001","timestamp":"2024-12-07T00:17:13.625Z"}
{"level":"info","message":"MongoDB Connected","timestamp":"2024-12-07T00:17:14.657Z"}
{"level":"info","message":"Server running on port 5001","timestamp":"2024-12-07T00:17:26.321Z"}
{"level":"info","message":"MongoDB Connected","timestamp":"2024-12-07T00:17:27.581Z"}
{"level":"info","message":"Server running on port 5001","timestamp":"2024-12-07T00:17:36.605Z"}
{"level":"info","message":"MongoDB Connected","timestamp":"2024-12-07T00:17:38.019Z"}
{"level":"info","message":"Server running on port 5001","timestamp":"2024-12-07T00:17:59.049Z"}
{"level":"info","message":"MongoDB Connected","timestamp":"2024-12-07T00:18:00.362Z"}
{"level":"info","message":"Server running on port 5001","timestamp":"2024-12-07T00:18:05.934Z"}
{"level":"info","message":"MongoDB Connected","timestamp":"2024-12-07T00:18:07.254Z"}
{"level":"info","message":"Server running on port 5001","timestamp":"2024-12-07T00:18:21.369Z"}
{"level":"info","message":"MongoDB Connected","timestamp":"2024-12-07T00:18:22.434Z"}
{"level":"info","message":"Server running on port 5001","timestamp":"2024-12-07T00:18:31.255Z"}
{"level":"info","message":"MongoDB Connected","timestamp":"2024-12-07T00:18:32.478Z"}
{"level":"info","message":"Server running on port 5001","timestamp":"2024-12-07T00:18:52.068Z"}
{"level":"info","message":"MongoDB Connected","timestamp":"2024-12-07T00:18:53.304Z"}
{"level":"info","message":"Server running on port 5001","timestamp":"2024-12-07T00:19:00.611Z"}
{"level":"info","message":"MongoDB Connected","timestamp":"2024-12-07T00:19:01.701Z"}
{"level":"info","message":"Server running on port 5001","timestamp":"2024-12-07T00:20:29.171Z"}
{"level":"info","message":"MongoDB Connected","timestamp":"2024-12-07T00:20:30.569Z"}
{"level":"info","message":"Server running on port 5001","timestamp":"2024-12-07T00:23:26.835Z"}
{"level":"info","message":"MongoDB Connected","timestamp":"2024-12-07T00:23:28.187Z"}
{"level":"info","message":"Server running on port 5001","timestamp":"2024-12-07T00:25:09.705Z"}
{"level":"info","message":"MongoDB Connected","timestamp":"2024-12-07T00:25:11.756Z"}
{"level":"info","message":"Server running on port 5001","timestamp":"2024-12-07T00:31:34.472Z"}
{"level":"info","message":"MongoDB Connected","timestamp":"2024-12-07T00:31:36.697Z"}
{"level":"info","message":"Server running on port 5001","timestamp":"2024-12-07T00:32:48.222Z"}
{"level":"info","message":"MongoDB Connected","timestamp":"2024-12-07T00:32:49.503Z"}
{"level":"info","message":"Server running on port 5001","timestamp":"2024-12-07T00:33:09.578Z"}
{"level":"info","message":"MongoDB Connected","timestamp":"2024-12-07T00:33:11.088Z"}
{"level":"info","message":"Server running on port 5001","timestamp":"2024-12-07T00:37:53.172Z"}
{"level":"info","message":"MongoDB Connected","timestamp":"2024-12-07T00:37:55.902Z"}
{"level":"info","message":"Server running on port 5001","timestamp":"2024-12-07T00:38:26.547Z"}
{"level":"info","message":"MongoDB Connected","timestamp":"2024-12-07T00:38:27.432Z"}
{"level":"info","message":"Server running on port 5001","timestamp":"2024-12-07T00:40:26.694Z"}
{"level":"info","message":"MongoDB Connected","timestamp":"2024-12-07T00:40:39.142Z"}
{"level":"info","message":"Server running on port 5001","timestamp":"2024-12-07T00:42:21.005Z"}
{"level":"info","message":"MongoDB Connected","timestamp":"2024-12-07T00:42:31.040Z"}
{"level":"info","message":"Server running on port 5001","timestamp":"2024-12-07T00:42:47.741Z"}
{"level":"info","message":"MongoDB Connected","timestamp":"2024-12-07T00:42:48.950Z"}
{"level":"info","message":"Server running on port 5001","timestamp":"2024-12-07T00:44:52.223Z"}
{"level":"info","message":"MongoDB Connected","timestamp":"2024-12-07T00:44:53.441Z"}
{"level":"info","message":"Server running on port 5001","timestamp":"2024-12-07T00:45:17.863Z"}
{"level":"info","message":"MongoDB Connected","timestamp":"2024-12-07T00:45:19.022Z"}
{"level":"info","message":"Server running on port 5001","timestamp":"2024-12-07T00:56:28.864Z"}
{"level":"info","message":"MongoDB Connected","timestamp":"2024-12-07T00:56:30.146Z"}
{"level":"info","message":"Server running on port 5001","timestamp":"2024-12-07T00:56:37.983Z"}
{"level":"info","message":"MongoDB Connected","timestamp":"2024-12-07T00:56:39.079Z"}
{"level":"info","message":"Server running on port 5001","timestamp":"2024-12-07T00:56:49.305Z"}
{"level":"info","message":"MongoDB Connected","timestamp":"2024-12-07T00:56:50.253Z"}
{"level":"info","message":"Server running on port 5001","timestamp":"2024-12-07T00:57:50.994Z"}
{"level":"info","message":"MongoDB Connected","timestamp":"2024-12-07T00:57:52.279Z"}
{"level":"info","message":"Server running on port 5001","timestamp":"2024-12-07T00:58:59.012Z"}
{"level":"info","message":"MongoDB Connected","timestamp":"2024-12-07T00:59:00.191Z"}
{"level":"info","message":"Server running on port 5001","timestamp":"2024-12-07T00:59:24.050Z"}
{"level":"info","message":"Server running on port 5001","timestamp":"2024-12-07T00:59:25.346Z"}
{"level":"info","message":"MongoDB Connected","timestamp":"2024-12-07T00:59:26.283Z"}
{"level":"info","message":"Server running on port 5001","timestamp":"2024-12-07T00:59:37.148Z"}
{"level":"info","message":"MongoDB Connected","timestamp":"2024-12-07T00:59:38.312Z"}
{"level":"info","message":"Server running on port 5001","timestamp":"2024-12-07T00:59:46.337Z"}
{"level":"info","message":"MongoDB Connected","timestamp":"2024-12-07T00:59:47.303Z"}
{"level":"info","message":"Server running on port 5001","timestamp":"2024-12-07T01:00:03.358Z"}
{"level":"info","message":"MongoDB Connected","timestamp":"2024-12-07T01:00:04.225Z"}
{"level":"info","message":"Server running on port 5001","timestamp":"2024-12-07T01:00:17.909Z"}
{"level":"info","message":"MongoDB Connected","timestamp":"2024-12-07T01:00:18.888Z"}
{"level":"info","message":"Server running on port 5001","timestamp":"2024-12-07T01:00:40.779Z"}
{"level":"info","message":"MongoDB Connected","timestamp":"2024-12-07T01:00:42.163Z"}
{"level":"info","message":"Server running on port 5001","timestamp":"2024-12-07T01:00:42.487Z"}
{"level":"info","message":"MongoDB Connected","timestamp":"2024-12-07T01:00:43.733Z"}
{"level":"info","message":"Server running on port 5001","timestamp":"2024-12-07T01:01:26.590Z"}
{"level":"info","message":"MongoDB Connected","timestamp":"2024-12-07T01:01:27.796Z"}
{"level":"info","message":"Server running on port 5001","timestamp":"2024-12-07T17:49:42.194Z"}
{"level":"info","message":"MongoDB Connected","timestamp":"2024-12-07T17:49:43.512Z"}
{"level":"info","message":"Server running on port 5001","timestamp":"2024-12-07T17:52:46.094Z"}
{"level":"info","message":"MongoDB Connected","timestamp":"2024-12-07T17:52:46.996Z"}
{"level":"info","message":"Server running on port 5001","timestamp":"2024-12-07T18:17:39.262Z"}
{"level":"info","message":"MongoDB Connected","timestamp":"2024-12-07T18:17:40.138Z"}
{"level":"info","message":"Server running on port 5001","timestamp":"2024-12-07T18:17:45.444Z"}
{"level":"info","message":"MongoDB Connected","timestamp":"2024-12-07T18:17:46.251Z"}
{"level":"info","message":"Server running on port 5001","timestamp":"2024-12-07T18:18:03.159Z"}
{"level":"info","message":"MongoDB Connected","timestamp":"2024-12-07T18:18:03.956Z"}
{"level":"info","message":"Server running on port 5001","timestamp":"2024-12-07T18:18:12.757Z"}
{"level":"info","message":"MongoDB Connected","timestamp":"2024-12-07T18:18:13.557Z"}
{"level":"info","message":"Server running on port 5001","timestamp":"2024-12-07T18:19:06.546Z"}
{"level":"info","message":"MongoDB Connected","timestamp":"2024-12-07T18:19:07.411Z"}
{"level":"info","message":"Server running on port 5001","timestamp":"2024-12-07T18:19:12.151Z"}
{"level":"info","message":"MongoDB Connected","timestamp":"2024-12-07T18:19:12.944Z"}
{"level":"info","message":"Server running on port 5001","timestamp":"2024-12-07T18:19:28.244Z"}
{"level":"info","message":"MongoDB Connected","timestamp":"2024-12-07T18:19:29.000Z"}
{"level":"info","message":"Server running on port 5001","timestamp":"2024-12-07T18:19:36.569Z"}
{"level":"info","message":"MongoDB Connected","timestamp":"2024-12-07T18:19:37.461Z"}
{"level":"info","message":"Server running on port 5001","timestamp":"2024-12-07T18:20:14.638Z"}
{"level":"info","message":"MongoDB Connected","timestamp":"2024-12-07T18:20:15.515Z"}
{"level":"info","message":"Server running on port 5001","timestamp":"2024-12-07T18:20:21.187Z"}
{"level":"info","message":"MongoDB Connected","timestamp":"2024-12-07T18:20:21.975Z"}
{"level":"info","message":"Server running on port 5001","timestamp":"2024-12-07T18:22:31.776Z"}
{"level":"info","message":"MongoDB Connected","timestamp":"2024-12-07T18:22:32.736Z"}
{"level":"info","message":"Server running on port 5001","timestamp":"2024-12-07T18:26:30.884Z"}
{"level":"info","message":"MongoDB Connected","timestamp":"2024-12-07T18:26:31.771Z"}
{"level":"info","message":"Server running on port 5001","timestamp":"2024-12-07T22:49:03.280Z"}
{"level":"info","message":"MongoDB Connected","timestamp":"2024-12-07T22:49:04.421Z"}
{"level":"info","message":"Server running on port 5001","timestamp":"2024-12-07T22:49:06.606Z"}
{"level":"info","message":"MongoDB Connected","timestamp":"2024-12-07T22:49:07.382Z"}
{"level":"info","message":"Server running on port 5001","timestamp":"2024-12-07T22:53:52.300Z"}
{"level":"info","message":"MongoDB Connected","timestamp":"2024-12-07T22:53:53.250Z"}
{"level":"info","message":"Server running on port 5001","timestamp":"2024-12-11T15:51:39.994Z"}
{"level":"info","message":"MongoDB Connected","timestamp":"2024-12-11T15:51:41.021Z"}
{"level":"info","message":"Server running on port 5001","timestamp":"2024-12-11T20:12:39.864Z"}
{"level":"info","message":"MongoDB Connected","timestamp":"2024-12-11T20:12:40.706Z"}
{"level":"info","message":"Server running on port 5001","timestamp":"2024-12-11T21:49:50.632Z"}
{"level":"info","message":"MongoDB Connected","timestamp":"2024-12-11T21:49:51.579Z"}
{"level":"info","message":"Server running on port 5001","timestamp":"2024-12-11T21:53:55.258Z"}
{"level":"info","message":"MongoDB Connected","timestamp":"2024-12-11T21:53:56.069Z"}
{"level":"info","message":"Server running on port 5001","timestamp":"2024-12-11T21:54:54.963Z"}
{"level":"info","message":"MongoDB Connected","timestamp":"2024-12-11T21:54:55.763Z"}
{"level":"info","message":"Server running on port 5001","timestamp":"2024-12-11T21:55:12.422Z"}
{"level":"info","message":"MongoDB Connected","timestamp":"2024-12-11T21:55:13.178Z"}
{"level":"info","message":"Server running on port 5001","timestamp":"2024-12-11T21:55:23.389Z"}
{"level":"info","message":"MongoDB Connected","timestamp":"2024-12-11T21:55:24.059Z"}
{"level":"info","message":"Server running on port 5001","timestamp":"2024-12-12T00:28:54.574Z"}
{"level":"info","message":"MongoDB Connected","timestamp":"2024-12-12T00:28:55.440Z"}
{"level":"info","message":"Server running on port 5001","timestamp":"2024-12-12T00:42:32.844Z"}
{"level":"info","message":"MongoDB Connected","timestamp":"2024-12-12T00:42:33.666Z"}
{"level":"info","message":"Server running on port 5001","timestamp":"2024-12-12T00:42:53.382Z"}
{"level":"info","message":"MongoDB Connected","timestamp":"2024-12-12T00:42:54.084Z"}
{"level":"info","message":"Server running on port 5001","timestamp":"2024-12-12T00:51:01.339Z"}
{"level":"info","message":"MongoDB Connected","timestamp":"2024-12-12T00:51:02.191Z"}
{"level":"info","message":"Server running on port 5001","timestamp":"2024-12-12T00:51:21.732Z"}
{"level":"info","message":"MongoDB Connected","timestamp":"2024-12-12T00:51:22.446Z"}
{"level":"info","message":"Server running on port 5001","timestamp":"2024-12-12T00:53:52.236Z"}
{"level":"info","message":"MongoDB Connected","timestamp":"2024-12-12T00:53:53.064Z"}
{"level":"info","message":"Server running on port 5001","timestamp":"2024-12-12T00:54:28.509Z"}
{"level":"info","message":"MongoDB Connected","timestamp":"2024-12-12T00:54:29.228Z"}
{"level":"info","message":"Server running on port 5001","timestamp":"2024-12-12T00:55:01.843Z"}
{"level":"info","message":"MongoDB Connected","timestamp":"2024-12-12T00:55:02.578Z"}
{"level":"info","message":"Server running on port 5001","timestamp":"2024-12-12T01:20:00.381Z"}
{"level":"info","message":"MongoDB Connected","timestamp":"2024-12-12T01:20:01.339Z"}
{"level":"info","message":"Server running on port 5001","timestamp":"2024-12-12T01:20:10.371Z"}
{"level":"info","message":"MongoDB Connected","timestamp":"2024-12-12T01:20:11.095Z"}
{"level":"info","message":"Server running on port 5001","timestamp":"2024-12-12T01:22:18.781Z"}
{"level":"info","message":"MongoDB Connected","timestamp":"2024-12-12T01:22:19.605Z"}
{"level":"info","message":"Server running on port 5001","timestamp":"2024-12-12T01:22:29.993Z"}
{"level":"info","message":"MongoDB Connected","timestamp":"2024-12-12T01:22:30.699Z"}
{"level":"info","message":"Server running on port 5001","timestamp":"2024-12-12T01:22:47.170Z"}
{"level":"info","message":"MongoDB Connected","timestamp":"2024-12-12T01:22:47.886Z"}
{"level":"info","message":"Server running on port 5001","timestamp":"2024-12-12T01:23:11.818Z"}
{"level":"info","message":"MongoDB Connected","timestamp":"2024-12-12T01:23:12.509Z"}
{"level":"info","message":"Server running on port 5001","timestamp":"2024-12-12T01:23:24.588Z"}
{"level":"info","message":"MongoDB Connected","timestamp":"2024-12-12T01:23:25.337Z"}
{"level":"info","message":"Server running on port 5001","timestamp":"2024-12-12T23:09:25.265Z"}
{"level":"info","message":"MongoDB Connected","timestamp":"2024-12-12T23:09:26.501Z"}
{"level":"info","message":"Server running on port 5001","timestamp":"2024-12-13T00:26:51.952Z"}
{"level":"info","message":"MongoDB Connected","timestamp":"2024-12-13T00:26:52.946Z"}
{"level":"info","message":"Server running on port 5001","timestamp":"2024-12-13T00:27:26.055Z"}
{"level":"info","message":"MongoDB Connected","timestamp":"2024-12-13T00:27:26.881Z"}
{"level":"info","message":"Server running on port 5001","timestamp":"2024-12-13T00:27:33.886Z"}
{"level":"info","message":"MongoDB Connected","timestamp":"2024-12-13T00:27:34.714Z"}
{"level":"info","message":"Server running on port 5001","timestamp":"2024-12-13T00:27:58.215Z"}
{"level":"info","message":"MongoDB Connected","timestamp":"2024-12-13T00:27:59.059Z"}
{"level":"info","message":"Server running on port 5001","timestamp":"2024-12-13T00:32:41.175Z"}
{"level":"info","message":"MongoDB Connected","timestamp":"2024-12-13T00:32:42.234Z"}
{"level":"info","message":"Server running on port 5001","timestamp":"2024-12-13T00:32:50.149Z"}
{"level":"info","message":"MongoDB Connected","timestamp":"2024-12-13T00:32:50.914Z"}
{"level":"info","message":"Server running on port 5001","timestamp":"2024-12-13T00:32:53.452Z"}
{"level":"info","message":"MongoDB Connected","timestamp":"2024-12-13T00:32:54.845Z"}
{"level":"info","message":"Server running on port 5001","timestamp":"2024-12-13T00:36:32.789Z"}
{"level":"info","message":"MongoDB Connected","timestamp":"2024-12-13T00:36:33.729Z"}
{"level":"info","message":"Server running on port 5001","timestamp":"2024-12-13T00:53:27.163Z"}
{"level":"info","message":"MongoDB Connected","timestamp":"2024-12-13T00:53:28.039Z"}
{"level":"info","message":"Server running on port 5001","timestamp":"2024-12-13T00:57:47.325Z"}
{"level":"info","message":"MongoDB Connected","timestamp":"2024-12-13T00:57:48.228Z"}
{"level":"info","message":"Server running on port 5001","timestamp":"2024-12-13T00:57:49.275Z"}
{"level":"info","message":"MongoDB Connected","timestamp":"2024-12-13T00:57:50.000Z"}
{"level":"info","message":"Server running on port 5001","timestamp":"2024-12-13T01:01:23.304Z"}
{"level":"info","message":"MongoDB Connected","timestamp":"2024-12-13T01:01:24.122Z"}
{"level":"info","message":"Server running on port 5001","timestamp":"2024-12-14T17:48:40.494Z"}
{"level":"info","message":"MongoDB Connected","timestamp":"2024-12-14T17:48:41.426Z"}
{"level":"info","message":"Server running on port 5001","timestamp":"2024-12-14T17:50:30.310Z"}
{"level":"info","message":"MongoDB Connected","timestamp":"2024-12-14T17:50:31.105Z"}
{"level":"info","message":"Server running on port 5001","timestamp":"2024-12-14T19:43:38.763Z"}
{"level":"info","message":"MongoDB Connected","timestamp":"2024-12-14T19:43:39.692Z"}
{"level":"info","message":"Server running on port 5001","timestamp":"2024-12-14T19:44:45.129Z"}
{"level":"info","message":"MongoDB Connected","timestamp":"2024-12-14T19:44:45.865Z"}
{"level":"info","message":"Server running on port 5001","timestamp":"2024-12-14T19:45:12.162Z"}
{"level":"info","message":"MongoDB Connected","timestamp":"2024-12-14T19:45:12.932Z"}
{"level":"info","message":"Server running on port 5001","timestamp":"2024-12-14T19:45:33.449Z"}
{"level":"info","message":"MongoDB Connected","timestamp":"2024-12-14T19:45:34.132Z"}
{"level":"info","message":"Server running on port 5001","timestamp":"2024-12-14T19:47:02.432Z"}
{"level":"info","message":"MongoDB Connected","timestamp":"2024-12-14T19:47:03.255Z"}
{"level":"info","message":"Server running on port 5001","timestamp":"2024-12-14T21:59:39.716Z"}
{"level":"info","message":"MongoDB Connected","timestamp":"2024-12-14T21:59:40.585Z"}
{"level":"info","message":"Server running on port 5001","timestamp":"2024-12-14T22:54:30.307Z"}
{"level":"info","message":"MongoDB Connected","timestamp":"2024-12-14T22:54:31.166Z"}
{"level":"info","message":"Server running on port 5001","timestamp":"2024-12-14T22:56:03.108Z"}
{"level":"info","message":"MongoDB Connected","timestamp":"2024-12-14T22:56:03.928Z"}
{"level":"info","message":"Server running on port 5001","timestamp":"2024-12-14T22:58:10.014Z"}
{"level":"info","message":"MongoDB Connected","timestamp":"2024-12-14T22:58:10.822Z"}
{"level":"info","message":"Server running on port 5001","timestamp":"2024-12-14T23:02:10.855Z"}
{"level":"info","message":"MongoDB Connected","timestamp":"2024-12-14T23:02:11.702Z"}
{"level":"info","message":"Server running on port 5001","timestamp":"2024-12-14T23:05:26.828Z"}
{"level":"info","message":"MongoDB Connected","timestamp":"2024-12-14T23:05:27.697Z"}
{"level":"info","message":"Server running on port 5001","timestamp":"2024-12-14T23:05:57.883Z"}
{"level":"info","message":"MongoDB Connected","timestamp":"2024-12-14T23:05:58.579Z"}
{"level":"info","message":"Server running on port 5001","timestamp":"2024-12-14T23:06:30.261Z"}
{"level":"info","message":"MongoDB Connected","timestamp":"2024-12-14T23:06:31.044Z"}
{"level":"info","message":"Server running on port 5001","timestamp":"2024-12-14T23:07:14.092Z"}
{"level":"info","message":"MongoDB Connected","timestamp":"2024-12-14T23:07:14.955Z"}
{"level":"info","message":"Server running on port 5001","timestamp":"2024-12-14T23:08:01.892Z"}
{"level":"info","message":"MongoDB Connected","timestamp":"2024-12-14T23:08:02.642Z"}
{"level":"info","message":"Server running on port 5001","timestamp":"2024-12-14T23:23:19.029Z"}
{"level":"info","message":"MongoDB Connected","timestamp":"2024-12-14T23:23:20.063Z"}
{"level":"info","message":"Server running on port 5001","timestamp":"2024-12-15T00:01:07.526Z"}
{"level":"info","message":"MongoDB Connected","timestamp":"2024-12-15T00:01:08.511Z"}
{"level":"info","message":"Server running on port 5001","timestamp":"2024-12-15T00:15:37.124Z"}
{"level":"info","message":"MongoDB Connected","timestamp":"2024-12-15T00:15:37.988Z"}
{"level":"info","message":"Server running on port 5001","timestamp":"2024-12-15T00:27:23.933Z"}
{"level":"info","message":"MongoDB Connected","timestamp":"2024-12-15T00:27:24.919Z"}
{"level":"info","message":"Server running on port 5001","timestamp":"2024-12-17T01:20:11.799Z"}
{"level":"info","message":"MongoDB Connected","timestamp":"2024-12-17T01:20:12.749Z"}
{"level":"info","message":"Server running on port 5001","timestamp":"2024-12-17T01:29:15.342Z"}
{"level":"info","message":"MongoDB Connected","timestamp":"2024-12-17T01:29:19.800Z"}
{"level":"info","message":"Server running on port 5001","timestamp":"2024-12-17T01:38:27.015Z"}
{"level":"info","message":"MongoDB Connected","timestamp":"2024-12-17T01:38:27.952Z"}
{"level":"info","message":"Server running on port 5001","timestamp":"2024-12-17T01:44:00.085Z"}
{"level":"info","message":"MongoDB Connected","timestamp":"2024-12-17T01:44:01.028Z"}
{"level":"info","message":"Server running on port 5001","timestamp":"2024-12-17T01:48:34.388Z"}
{"level":"info","message":"MongoDB Connected","timestamp":"2024-12-17T01:48:35.286Z"}
{"level":"info","message":"Server running on port 5001","timestamp":"2024-12-17T22:11:35.664Z"}
{"level":"info","message":"MongoDB Connected","timestamp":"2024-12-17T22:11:36.529Z"}
{"level":"info","message":"Server running on port 5001","timestamp":"2024-12-17T22:12:09.321Z"}
{"level":"info","message":"MongoDB Connected","timestamp":"2024-12-17T22:12:10.029Z"}
{"level":"info","message":"Server running on port 5001","timestamp":"2024-12-17T22:12:18.211Z"}
{"level":"info","message":"MongoDB Connected","timestamp":"2024-12-17T22:12:18.916Z"}
{"level":"info","message":"Server running on port 5001","timestamp":"2024-12-17T22:12:35.106Z"}
{"level":"info","message":"MongoDB Connected","timestamp":"2024-12-17T22:12:35.871Z"}
{"level":"info","message":"Server running on port 5001","timestamp":"2024-12-17T22:14:05.290Z"}
{"level":"info","message":"MongoDB Connected","timestamp":"2024-12-17T22:14:06.098Z"}
{"level":"info","message":"Server running on port 5001","timestamp":"2024-12-17T22:14:34.510Z"}
{"level":"info","message":"MongoDB Connected","timestamp":"2024-12-17T22:14:35.215Z"}
{"level":"info","message":"Server running on port 5001","timestamp":"2024-12-18T19:04:45.493Z"}
{"level":"info","message":"MongoDB Connected","timestamp":"2024-12-18T19:04:46.350Z"}
{"level":"info","message":"Server running on port 5001","timestamp":"2024-12-24T18:41:02.461Z"}
{"level":"info","message":"MongoDB Connected","timestamp":"2024-12-24T18:41:03.305Z"}
{"level":"info","message":"Server running on port 5001","timestamp":"2024-12-24T18:41:39.059Z"}
{"level":"info","message":"MongoDB Connected","timestamp":"2024-12-24T18:41:39.807Z"}
{"level":"info","message":"Server running on port 5001","timestamp":"2024-12-24T21:35:57.352Z"}
{"level":"info","message":"MongoDB Connected","timestamp":"2024-12-24T21:35:58.192Z"}
{"level":"info","message":"Server running on port 5001","timestamp":"2024-12-24T21:36:46.037Z"}
{"level":"info","message":"MongoDB Connected","timestamp":"2024-12-24T21:36:46.733Z"}
{"level":"info","message":"Server running on port 5001","timestamp":"2024-12-24T21:38:03.458Z"}
{"level":"info","message":"MongoDB Connected","timestamp":"2024-12-24T21:38:04.296Z"}
{"level":"info","message":"Server running on port 5001","timestamp":"2024-12-24T21:38:11.559Z"}
{"level":"info","message":"MongoDB Connected","timestamp":"2024-12-24T21:38:12.295Z"}
{"level":"info","message":"Server running on port 5001","timestamp":"2024-12-24T21:40:44.921Z"}
{"level":"info","message":"MongoDB Connected","timestamp":"2024-12-24T21:40:45.840Z"}
{"level":"info","message":"Server running on port 5001","timestamp":"2024-12-24T21:54:04.010Z"}
{"level":"info","message":"MongoDB Connected","timestamp":"2024-12-24T21:54:04.851Z"}
{"level":"info","message":"Server running on port 5001","timestamp":"2024-12-24T22:31:26.957Z"}
{"level":"info","message":"MongoDB Connected","timestamp":"2024-12-24T22:31:27.889Z"}
{"level":"info","message":"Server running on port 5001","timestamp":"2024-12-24T22:31:29.126Z"}
{"level":"info","message":"MongoDB Connected","timestamp":"2024-12-24T22:31:29.811Z"}
{"level":"info","message":"Server running on port 5001","timestamp":"2024-12-25T17:42:00.553Z"}
{"level":"info","message":"MongoDB Connected","timestamp":"2024-12-25T17:42:01.393Z"}
{"level":"info","message":"Server running on port 5001","timestamp":"2024-12-25T17:42:06.620Z"}
{"level":"info","message":"MongoDB Connected","timestamp":"2024-12-25T17:42:07.321Z"}
{"level":"info","message":"Server running on port 5001","timestamp":"2024-12-25T17:52:41.279Z"}
{"level":"info","message":"MongoDB Connected","timestamp":"2024-12-25T17:52:42.041Z"}
{"level":"info","message":"Server running on port 5001","timestamp":"2024-12-25T17:56:57.512Z"}
{"level":"info","message":"MongoDB Connected","timestamp":"2024-12-25T17:56:58.298Z"}
{"level":"info","message":"Server running on port 5001","timestamp":"2024-12-25T17:58:14.297Z"}
{"level":"info","message":"MongoDB Connected","timestamp":"2024-12-25T17:58:15.060Z"}
{"level":"info","message":"Server running on port 5001","timestamp":"2024-12-25T18:21:14.876Z"}
{"level":"info","message":"MongoDB Connected","timestamp":"2024-12-25T18:21:15.810Z"}
{"level":"info","message":"Server running on port 5001","timestamp":"2024-12-25T18:22:24.184Z"}
{"level":"info","message":"MongoDB Connected","timestamp":"2024-12-25T18:22:24.934Z"}
{"level":"info","message":"Server running on port 5001","timestamp":"2024-12-25T18:22:29.240Z"}
{"level":"info","message":"MongoDB Connected","timestamp":"2024-12-25T18:22:29.934Z"}
{"level":"info","message":"Server running on port 5001","timestamp":"2024-12-25T18:22:43.733Z"}
{"level":"info","message":"MongoDB Connected","timestamp":"2024-12-25T18:22:44.450Z"}
{"level":"info","message":"Server running on port 5001","timestamp":"2024-12-25T18:23:04.176Z"}
{"level":"info","message":"MongoDB Connected","timestamp":"2024-12-25T18:23:04.866Z"}
{"level":"info","message":"Server running on port 5001","timestamp":"2024-12-25T18:28:01.883Z"}
{"level":"info","message":"MongoDB Connected","timestamp":"2024-12-25T18:28:02.661Z"}
{"level":"info","message":"Server running on port 5001","timestamp":"2024-12-25T18:28:04.746Z"}
{"level":"info","message":"MongoDB Connected","timestamp":"2024-12-25T18:28:05.478Z"}
{"level":"info","message":"Server running on port 5001","timestamp":"2024-12-25T18:30:50.909Z"}
{"level":"info","message":"MongoDB Connected","timestamp":"2024-12-25T18:30:51.775Z"}
{"level":"info","message":"Server running on port 5001","timestamp":"2024-12-25T18:31:57.137Z"}
{"level":"info","message":"MongoDB Connected","timestamp":"2024-12-25T18:31:57.849Z"}
{"level":"info","message":"Server running on port 5001","timestamp":"2024-12-25T18:33:23.986Z"}
{"level":"info","message":"MongoDB Connected","timestamp":"2024-12-25T18:33:24.814Z"}
{"level":"info","message":"Server running on port 5001","timestamp":"2024-12-25T18:33:26.404Z"}
{"level":"info","message":"MongoDB Connected","timestamp":"2024-12-25T18:33:27.138Z"}
{"level":"info","message":"Server running on port 5001","timestamp":"2024-12-25T18:45:37.469Z"}
{"level":"info","message":"MongoDB Connected","timestamp":"2024-12-25T18:45:38.398Z"}
{"level":"info","message":"Server running on port 5001","timestamp":"2024-12-25T18:53:02.414Z"}
{"level":"info","message":"MongoDB Connected","timestamp":"2024-12-25T18:53:03.237Z"}
{"level":"info","message":"Server running on port 5001","timestamp":"2024-12-25T18:55:34.428Z"}
{"level":"info","message":"MongoDB Connected","timestamp":"2024-12-25T18:55:35.217Z"}
{"level":"info","message":"Server running on port 5001","timestamp":"2024-12-25T19:04:15.419Z"}
{"level":"info","message":"MongoDB Connected","timestamp":"2024-12-25T19:04:16.261Z"}
{"level":"info","message":"Server running on port 5001","timestamp":"2024-12-25T19:11:07.170Z"}
{"level":"info","message":"MongoDB Connected","timestamp":"2024-12-25T19:11:07.944Z"}
{"level":"info","message":"Server running on port 5001","timestamp":"2024-12-25T20:48:20.428Z"}
{"level":"info","message":"MongoDB Connected","timestamp":"2024-12-25T20:48:21.355Z"}
{"level":"info","message":"Server running on port 5001","timestamp":"2024-12-27T21:53:24.476Z"}
{"level":"info","message":"MongoDB Connected","timestamp":"2024-12-27T21:53:25.484Z"}
{"level":"info","message":"Server running on port 5001","timestamp":"2024-12-27T22:44:17.282Z"}
{"level":"info","message":"MongoDB Connected","timestamp":"2024-12-27T22:44:18.302Z"}
{"level":"info","message":"Server running on port 5001","timestamp":"2024-12-27T22:45:23.922Z"}
{"level":"info","message":"MongoDB Connected","timestamp":"2024-12-27T22:45:24.958Z"}
{"level":"info","message":"Server running on port 5001","timestamp":"2024-12-27T22:51:12.860Z"}
{"level":"info","message":"MongoDB Connected","timestamp":"2024-12-27T22:51:13.827Z"}
{"level":"info","message":"Server running on port 5001","timestamp":"2024-12-27T22:51:36.040Z"}
{"level":"info","message":"MongoDB Connected","timestamp":"2024-12-27T22:51:37.140Z"}
{"level":"info","message":"Server running on port 5001","timestamp":"2024-12-27T22:52:06.856Z"}
{"level":"info","message":"MongoDB Connected","timestamp":"2024-12-27T22:52:07.704Z"}
{"level":"info","message":"Server running on port 5001","timestamp":"2024-12-27T23:36:24.225Z"}
{"level":"info","message":"MongoDB Connected","timestamp":"2024-12-27T23:36:25.194Z"}
{"level":"info","message":"Server running on port 5001","timestamp":"2024-12-27T23:37:21.113Z"}
{"level":"info","message":"MongoDB Connected","timestamp":"2024-12-27T23:37:22.037Z"}
{"level":"info","message":"Server running on port 5001","timestamp":"2024-12-27T23:38:50.743Z"}
{"level":"info","message":"MongoDB Connected","timestamp":"2024-12-27T23:38:51.723Z"}
{"level":"info","message":"Server running on port 5001","timestamp":"2024-12-27T23:39:12.929Z"}
{"level":"info","message":"MongoDB Connected","timestamp":"2024-12-27T23:39:13.710Z"}
{"level":"info","message":"Server running on port 5001","timestamp":"2024-12-27T23:54:00.383Z"}
{"level":"info","message":"MongoDB Connected","timestamp":"2024-12-27T23:54:01.511Z"}
{"level":"info","message":"Server running on port 5001","timestamp":"2024-12-27T23:54:11.011Z"}
{"level":"info","message":"MongoDB Connected","timestamp":"2024-12-27T23:54:11.864Z"}
{"level":"info","message":"Server running on port 5001","timestamp":"2024-12-27T23:54:56.189Z"}
{"level":"info","message":"MongoDB Connected","timestamp":"2024-12-27T23:54:57.003Z"}
{"level":"info","message":"Server running on port 5001","timestamp":"2024-12-27T23:55:07.213Z"}
{"level":"info","message":"MongoDB Connected","timestamp":"2024-12-27T23:55:08.964Z"}
{"level":"info","message":"Server running on port 5001","timestamp":"2024-12-27T23:58:59.463Z"}
{"level":"info","message":"MongoDB Connected","timestamp":"2024-12-27T23:59:00.483Z"}
{"level":"info","message":"Server running on port 5001","timestamp":"2024-12-27T23:59:16.990Z"}
{"level":"info","message":"MongoDB Connected","timestamp":"2024-12-27T23:59:17.849Z"}
{"level":"info","message":"Server running on port 5001","timestamp":"2024-12-28T00:13:18.268Z"}
{"level":"info","message":"MongoDB Connected","timestamp":"2024-12-28T00:13:19.318Z"}
{"level":"info","message":"Server running on port 5001","timestamp":"2024-12-28T00:14:57.153Z"}
{"level":"info","message":"MongoDB Connected","timestamp":"2024-12-28T00:14:58.240Z"}
{"level":"info","message":"Server running on port 5001","timestamp":"2024-12-28T00:15:32.668Z"}
{"level":"info","message":"MongoDB Connected","timestamp":"2024-12-28T00:15:33.692Z"}
{"level":"info","message":"Server running on port 5001","timestamp":"2024-12-28T00:20:09.983Z"}
{"level":"info","message":"MongoDB Connected","timestamp":"2024-12-28T00:20:10.993Z"}
{"level":"info","message":"Server running on port 5001","timestamp":"2024-12-28T00:20:16.570Z"}
{"level":"info","message":"MongoDB Connected","timestamp":"2024-12-28T00:20:17.357Z"}
{"level":"info","message":"Server running on port 5001","timestamp":"2024-12-28T00:38:31.726Z"}
{"level":"info","message":"MongoDB Connected","timestamp":"2024-12-28T00:38:32.519Z"}
{"level":"info","message":"Server running on port 5001","timestamp":"2024-12-30T16:45:44.186Z"}
{"level":"info","message":"MongoDB Connected","timestamp":"2024-12-30T16:45:45.081Z"}
{"level":"info","message":"Server running on port 5001","timestamp":"2024-12-30T17:53:54.695Z"}
{"level":"info","message":"MongoDB Connected","timestamp":"2024-12-30T17:53:55.554Z"}
{"level":"info","message":"Server running on port 5001","timestamp":"2024-12-30T18:01:24.433Z"}
{"level":"info","message":"MongoDB Connected","timestamp":"2024-12-30T18:01:25.281Z"}
{"level":"info","message":"Server running on port 5001","timestamp":"2024-12-30T18:04:03.386Z"}
{"level":"info","message":"MongoDB Connected","timestamp":"2024-12-30T18:04:04.221Z"}
{"level":"info","message":"Server running on port 5001","timestamp":"2024-12-30T18:06:59.621Z"}
{"level":"info","message":"MongoDB Connected","timestamp":"2024-12-30T18:07:04.535Z"}
{"level":"info","message":"Server running on port 5001","timestamp":"2024-12-30T18:19:51.178Z"}
{"level":"info","message":"MongoDB Connected","timestamp":"2024-12-30T18:19:52.110Z"}
{"level":"info","message":"Server running on port 5001","timestamp":"2024-12-30T18:20:16.968Z"}
{"level":"info","message":"MongoDB Connected","timestamp":"2024-12-30T18:20:17.825Z"}
{"level":"info","message":"Server running on port 5001","timestamp":"2024-12-30T18:23:30.482Z"}
{"level":"info","message":"MongoDB Connected","timestamp":"2024-12-30T18:23:31.302Z"}
{"level":"info","message":"Server running on port 5001","timestamp":"2024-12-30T19:02:14.461Z"}
{"level":"info","message":"MongoDB Connected","timestamp":"2024-12-30T19:02:15.347Z"}
{"level":"info","message":"Server running on port 5001","timestamp":"2024-12-30T19:07:33.613Z"}
{"level":"info","message":"MongoDB Connected","timestamp":"2024-12-30T19:07:34.710Z"}
{"level":"info","message":"Server running on port 5001","timestamp":"2024-12-30T19:07:50.603Z"}
{"level":"info","message":"MongoDB Connected","timestamp":"2024-12-30T19:07:51.303Z"}
{"level":"info","message":"Server running on port 5001","timestamp":"2024-12-30T19:10:26.467Z"}
{"level":"info","message":"MongoDB Connected","timestamp":"2024-12-30T19:10:29.808Z"}
{"level":"info","message":"Server running on port 5001","timestamp":"2024-12-30T19:24:30.506Z"}
{"level":"info","message":"MongoDB Connected","timestamp":"2024-12-30T19:24:31.381Z"}
{"level":"info","message":"Server running on port 5001","timestamp":"2024-12-30T19:26:23.278Z"}
{"level":"info","message":"MongoDB Connected","timestamp":"2024-12-30T19:26:24.081Z"}
{"level":"info","message":"Server running on port 5001","timestamp":"2024-12-30T19:26:31.895Z"}
{"level":"info","message":"MongoDB Connected","timestamp":"2024-12-30T19:26:32.623Z"}
{"level":"info","message":"Server running on port 5001","timestamp":"2024-12-30T19:26:50.591Z"}
{"level":"info","message":"MongoDB Connected","timestamp":"2024-12-30T19:26:51.330Z"}
{"level":"info","message":"Server running on port 5001","timestamp":"2024-12-30T19:27:36.182Z"}
{"level":"info","message":"MongoDB Connected","timestamp":"2024-12-30T19:27:36.910Z"}
{"level":"info","message":"Server running on port 5001","timestamp":"2024-12-30T19:27:58.018Z"}
{"level":"info","message":"MongoDB Connected","timestamp":"2024-12-30T19:27:58.741Z"}
{"level":"info","message":"Server running on port 5001","timestamp":"2024-12-30T20:26:51.552Z"}
{"level":"info","message":"MongoDB Connected","timestamp":"2024-12-30T20:26:52.923Z"}
{"level":"info","message":"Server running on port 5001","timestamp":"2025-01-01T22:36:02.960Z"}
{"level":"info","message":"MongoDB Connected","timestamp":"2025-01-01T22:36:03.842Z"}
{"level":"info","message":"Server running on port 5001","timestamp":"2025-01-01T23:03:13.011Z"}
{"level":"info","message":"MongoDB Connected","timestamp":"2025-01-01T23:03:14.165Z"}
